Determining if the pthread_create exist failed with the following output:
Change Dir: /home/asad/Development/ros/src/husky_highlevel_controller/cmake-build-debug/CMakeFiles/CMakeTmp

Run Build Command:"/usr/bin/make" "cmTC_1043f/fast"
/usr/bin/make -f CMakeFiles/cmTC_1043f.dir/build.make CMakeFiles/cmTC_1043f.dir/build
make[1]: Entering directory '/home/asad/Development/ros/src/husky_highlevel_controller/cmake-build-debug/CMakeFiles/CMakeTmp'
Building C object CMakeFiles/cmTC_1043f.dir/CheckSymbolExists.c.o
/usr/bin/cc    -o CMakeFiles/cmTC_1043f.dir/CheckSymbolExists.c.o   -c /home/asad/Development/ros/src/husky_highlevel_controller/cmake-build-debug/CMakeFiles/CMakeTmp/CheckSymbolExists.c
Linking C executable cmTC_1043f
/usr/bin/cmake -E cmake_link_script CMakeFiles/cmTC_1043f.dir/link.txt --verbose=1
/usr/bin/cc      -rdynamic CMakeFiles/cmTC_1043f.dir/CheckSymbolExists.c.o  -o cmTC_1043f 
CMakeFiles/cmTC_1043f.dir/CheckSymbolExists.c.o: In function `main':
CheckSymbolExists.c:(.text+0x1b): undefined reference to `pthread_create'
collect2: error: ld returned 1 exit status
CMakeFiles/cmTC_1043f.dir/build.make:97: recipe for target 'cmTC_1043f' failed
make[1]: *** [cmTC_1043f] Error 1
make[1]: Leaving directory '/home/asad/Development/ros/src/husky_highlevel_controller/cmake-build-debug/CMakeFiles/CMakeTmp'
Makefile:126: recipe for target 'cmTC_1043f/fast' failed
make: *** [cmTC_1043f/fast] Error 2

File /home/asad/Development/ros/src/husky_highlevel_controller/cmake-build-debug/CMakeFiles/CMakeTmp/CheckSymbolExists.c:
/* */
#include <pthread.h>

int main(int argc, char** argv)
{
  (void)argv;
#ifndef pthread_create
  return ((int*)(&pthread_create))[argc];
#else
  (void)argc;
  return 0;
#endif
}

Determining if the function pthread_create exists in the pthreads failed with the following output:
Change Dir: /home/asad/Development/ros/src/husky_highlevel_controller/cmake-build-debug/CMakeFiles/CMakeTmp

Run Build Command:"/usr/bin/make" "cmTC_98239/fast"
/usr/bin/make -f CMakeFiles/cmTC_98239.dir/build.make CMakeFiles/cmTC_98239.dir/build
make[1]: Entering directory '/home/asad/Development/ros/src/husky_highlevel_controller/cmake-build-debug/CMakeFiles/CMakeTmp'
Building C object CMakeFiles/cmTC_98239.dir/CheckFunctionExists.c.o
/usr/bin/cc   -DCHECK_FUNCTION_EXISTS=pthread_create   -o CMakeFiles/cmTC_98239.dir/CheckFunctionExists.c.o   -c /usr/share/cmake-3.10/Modules/CheckFunctionExists.c
Linking C executable cmTC_98239
/usr/bin/cmake -E cmake_link_script CMakeFiles/cmTC_98239.dir/link.txt --verbose=1
/usr/bin/cc  -DCHECK_FUNCTION_EXISTS=pthread_create    -rdynamic CMakeFiles/cmTC_98239.dir/CheckFunctionExists.c.o  -o cmTC_98239 -lpthreads 
/usr/bin/ld: cannot find -lpthreads
collect2: error: ld returned 1 exit status
CMakeFiles/cmTC_98239.dir/build.make:97: recipe for target 'cmTC_98239' failed
make[1]: *** [cmTC_98239] Error 1
make[1]: Leaving directory '/home/asad/Development/ros/src/husky_highlevel_controller/cmake-build-debug/CMakeFiles/CMakeTmp'
Makefile:126: recipe for target 'cmTC_98239/fast' failed
make: *** [cmTC_98239/fast] Error 2


